<?xml version="1.0" encoding="UTF-8"?>
<!-- Generated by org.testng.reporters.JUnitReportReporter -->
<testsuite skipped="0" hostname="amilanesi" name="tests.dashboardRegressionTest" tests="1" failures="0" timestamp="18 Sep 2019 13:57:06 GMT" time="42.169" errors="0">
  <testcase name="demandFlowTest" time="42.169" classname="tests.dashboardRegressionTest"/>
</testsuite> <!-- tests.dashboardRegressionTest -->
