<?xml version="1.0" encoding="UTF-8"?>
<!-- Generated by org.testng.reporters.JUnitReportReporter -->
<testsuite skipped="0" hostname="amilanesi" name="tests.dashboardRegressionTest" tests="2" failures="0" timestamp="14 May 2019 18:21:55 GMT" time="42.740" errors="0">
  <testcase name="demandFlowTest" time="23.617" classname="tests.dashboardRegressionTest"/>
  <testcase name="assertAdvertiserCreation" time="19.123" classname="tests.dashboardRegressionTest"/>
</testsuite> <!-- tests.dashboardRegressionTest -->
